#
# There is insufficient memory for the Java Runtime Environment to continue.
# Native memory allocation (malloc) failed to allocate 33408 bytes for Chunk::new
# Possible reasons:
#   The system is out of physical RAM or swap space
#   The process is running with CompressedOops enabled, and the Java Heap may be blocking the growth of the native heap
# Possible solutions:
#   Reduce memory load on the system
#   Increase physical memory or swap space
#   Check if swap backing store is full
#   Decrease Java heap size (-Xmx/-Xms)
#   Decrease number of Java threads
#   Decrease Java thread stack sizes (-Xss)
#   Set larger code cache with -XX:ReservedCodeCacheSize=
#   JVM is running with Unscaled Compressed Oops mode in which the Java heap is
#     placed in the first 4GB address space. The Java Heap base address is the
#     maximum limit for the native heap growth. Please use -XX:HeapBaseMinAddress
#     to set the Java Heap base and to place the Java Heap above 4GB virtual address.
# This output file may be truncated or incomplete.
#
#  Out of Memory Error (allocation.cpp:389), pid=13152, tid=0x0000000000002cf4
#
# JRE version: Java(TM) SE Runtime Environment (8.0_211-b12) (build 1.8.0_211-b12)
# Java VM: Java HotSpot(TM) 64-Bit Server VM (25.211-b12 mixed mode windows-amd64 compressed oops)
# Failed to write core dump. Minidumps are not enabled by default on client versions of Windows
#

---------------  T H R E A D  ---------------

Current thread (0x000000001781b800):  JavaThread "C2 CompilerThread2" daemon [_thread_in_native, id=11508, stack(0x000000001a100000,0x000000001a200000)]

Stack: [0x000000001a100000,0x000000001a200000]
[error occurred during error reporting (printing stack bounds), id 0xc0000005]

Native frames: (J=compiled Java code, j=interpreted, Vv=VM code, C=native code)


Current CompileTask:
C2: 162222 1364       4       org.gradle.internal.logging.console.DefaultAnsiExecutor$AnsiContextImpl::a (234 bytes)


---------------  P R O C E S S  ---------------

Java Threads: ( => current thread )
  0x000000001aae9800 JavaThread "Forward input" [_thread_blocked, id=10860, stack(0x000000001c810000,0x000000001c910000)]
  0x000000001aae8800 JavaThread "DisconnectableInputStream source reader" daemon [_thread_in_native, id=8096, stack(0x000000001c710000,0x000000001c810000)]
  0x000000001ae98000 JavaThread "pool-1-thread-1" [_thread_blocked, id=5700, stack(0x000000001bcd0000,0x000000001bdd0000)]
  0x0000000019678800 JavaThread "Service Thread" daemon [_thread_blocked, id=8760, stack(0x000000001a300000,0x000000001a400000)]
  0x000000001781e800 JavaThread "C1 CompilerThread3" daemon [_thread_blocked, id=5632, stack(0x000000001a200000,0x000000001a300000)]
=>0x000000001781b800 JavaThread "C2 CompilerThread2" daemon [_thread_in_native, id=11508, stack(0x000000001a100000,0x000000001a200000)]
  0x0000000019631800 JavaThread "C2 CompilerThread1" daemon [_thread_blocked, id=7948, stack(0x000000001a000000,0x000000001a100000)]
  0x000000001962d800 JavaThread "C2 CompilerThread0" daemon [_thread_blocked, id=7980, stack(0x0000000019f00000,0x000000001a000000)]
  0x0000000019629800 JavaThread "Attach Listener" daemon [_thread_blocked, id=12376, stack(0x0000000019e00000,0x0000000019f00000)]
  0x0000000019628800 JavaThread "Signal Dispatcher" daemon [_thread_blocked, id=5712, stack(0x0000000019d00000,0x0000000019e00000)]
  0x000000000285c800 JavaThread "Finalizer" daemon [_thread_blocked, id=12248, stack(0x0000000019b00000,0x0000000019c00000)]
  0x0000000019620800 JavaThread "Reference Handler" daemon [_thread_blocked, id=13388, stack(0x0000000019a00000,0x0000000019b00000)]
  0x000000000255e000 JavaThread "main" [_thread_in_native, id=3448, stack(0x0000000002660000,0x0000000002760000)]

Other Threads:
  0x0000000017809800 VMThread [stack: 0x0000000019500000,0x0000000019600000] [id=7132]
  0x000000001967a800 WatcherThread [stack: 0x000000001a400000,0x000000001a500000] [id=13548]

VM state:not at safepoint (normal execution)

VM Mutex/Monitor currently owned by a thread: None

heap address: 0x0000000081600000, size: 2026 MB, Compressed Oops mode: 32-bit
Narrow klass base: 0x0000000000000000, Narrow klass shift: 3
Compressed class space size: 1073741824 Address: 0x0000000100000000

Heap:
 PSYoungGen      total 38400K, used 21787K [0x00000000d5d00000, 0x00000000d8780000, 0x0000000100000000)
  eden space 33280K, 50% used [0x00000000d5d00000,0x00000000d6d4b150,0x00000000d7d80000)
  from space 5120K, 99% used [0x00000000d7d80000,0x00000000d827bbc8,0x00000000d8280000)
  to   space 5120K, 0% used [0x00000000d8280000,0x00000000d8280000,0x00000000d8780000)
 ParOldGen       total 87552K, used 371K [0x0000000081600000, 0x0000000086b80000, 0x00000000d5d00000)
  object space 87552K, 0% used [0x0000000081600000,0x000000008165cf28,0x0000000086b80000)
 Metaspace       used 11854K, capacity 12090K, committed 12416K, reserved 1060864K
  class space    used 1539K, capacity 1625K, committed 1664K, reserved 1048576K

Card table byte_map: [0x0000000011c20000,0x0000000012020000] byte_map_base: 0x0000000011815000

Marking Bits: (ParMarkBitMap*) 0x000000006caf5ce0
 Begin Bits: [0x0000000012ad0000, 0x0000000014a78000)
 End Bits:   [0x0000000014a78000, 0x0000000016a20000)

Polling page: 0x0000000000e80000

CodeCache: size=245760Kb used=4334Kb max_used=4372Kb free=241425Kb
 bounds [0x0000000002860000, 0x0000000002cb0000, 0x0000000011860000]
 total_blobs=1709 nmethods=1338 adapters=283
 compilation: enabled

Compilation events (10 events):
Event: 146.236 Thread 0x000000001962d800 nmethod 1359 0x00000000029601d0 code [0x0000000002960300, 0x00000000029603b8]
Event: 147.734 Thread 0x000000001781e800 1360       3       org.gradle.internal.logging.sink.GroupingProgressLogEventGenerator$OperationGroup::shouldPrintHeader (37 bytes)
Event: 147.735 Thread 0x000000001781e800 nmethod 1360 0x0000000002977a50 code [0x0000000002977be0, 0x0000000002977fe8]
Event: 147.735 Thread 0x000000001781e800 1361       3       org.gradle.internal.logging.sink.GroupingProgressLogEventGenerator$OperationGroup::statusHasChanged (20 bytes)
Event: 147.736 Thread 0x000000001781e800 nmethod 1361 0x0000000002980510 code [0x0000000002980680, 0x00000000029808e8]
Event: 154.636 Thread 0x000000001781e800 1362       1       java.util.concurrent.ThreadPoolExecutor::afterExecute (1 bytes)
Event: 154.636 Thread 0x000000001781e800 nmethod 1362 0x000000000295ff10 code [0x0000000002960060, 0x0000000002960170]
Event: 158.934 Thread 0x000000001962d800 1363       4       org.gradle.internal.logging.console.DefaultColorMap::getColor (38 bytes)
Event: 158.949 Thread 0x000000001962d800 nmethod 1363 0x0000000002988010 code [0x0000000002988180, 0x0000000002988698]
Event: 162.034 Thread 0x000000001781b800 1364       4       org.gradle.internal.logging.console.DefaultAnsiExecutor$AnsiContextImpl::a (234 bytes)

GC Heap History (2 events):
Event: 3.753 GC heap before
{Heap before GC invocations=1 (full 0):
 PSYoungGen      total 38400K, used 33280K [0x00000000d5d00000, 0x00000000d8780000, 0x0000000100000000)
  eden space 33280K, 100% used [0x00000000d5d00000,0x00000000d7d80000,0x00000000d7d80000)
  from space 5120K, 0% used [0x00000000d8280000,0x00000000d8280000,0x00000000d8780000)
  to   space 5120K, 0% used [0x00000000d7d80000,0x00000000d7d80000,0x00000000d8280000)
 ParOldGen       total 87552K, used 0K [0x0000000081600000, 0x0000000086b80000, 0x00000000d5d00000)
  object space 87552K, 0% used [0x0000000081600000,0x0000000081600000,0x0000000086b80000)
 Metaspace       used 9674K, capacity 9886K, committed 10240K, reserved 1058816K
  class space    used 1318K, capacity 1421K, committed 1536K, reserved 1048576K
Event: 3.763 GC heap after
Heap after GC invocations=1 (full 0):
 PSYoungGen      total 38400K, used 5102K [0x00000000d5d00000, 0x00000000d8780000, 0x0000000100000000)
  eden space 33280K, 0% used [0x00000000d5d00000,0x00000000d5d00000,0x00000000d7d80000)
  from space 5120K, 99% used [0x00000000d7d80000,0x00000000d827bbc8,0x00000000d8280000)
  to   space 5120K, 0% used [0x00000000d8280000,0x00000000d8280000,0x00000000d8780000)
 ParOldGen       total 87552K, used 371K [0x0000000081600000, 0x0000000086b80000, 0x00000000d5d00000)
  object space 87552K, 0% used [0x0000000081600000,0x000000008165cf28,0x0000000086b80000)
 Metaspace       used 9674K, capacity 9886K, committed 10240K, reserved 1058816K
  class space    used 1318K, capacity 1421K, committed 1536K, reserved 1048576K
}

Deoptimization events (10 events):
Event: 0.861 Thread 0x000000000255e000 Uncommon trap: reason=unstable_if action=reinterpret pc=0x00000000029dee78 method=java.lang.String.startsWith(Ljava/lang/String;I)Z @ 25
Event: 1.365 Thread 0x000000000255e000 Uncommon trap: reason=unstable_if action=reinterpret pc=0x0000000002aac3ec method=java.util.HashMap.hash(Ljava/lang/Object;)I @ 1
Event: 1.449 Thread 0x000000000255e000 Uncommon trap: reason=unstable_if action=reinterpret pc=0x0000000002aa323c method=java.util.HashMap.getNode(ILjava/lang/Object;)Ljava/util/HashMap$Node; @ 129
Event: 1.449 Thread 0x000000000255e000 Uncommon trap: reason=class_check action=maybe_recompile pc=0x0000000002af3f18 method=java.util.HashMap.putVal(ILjava/lang/Object;Ljava/lang/Object;ZZ)Ljava/lang/Object; @ 203
Event: 7.679 Thread 0x000000001a958000 Uncommon trap: reason=class_check action=maybe_recompile pc=0x0000000002af3f18 method=java.util.HashMap.putVal(ILjava/lang/Object;Ljava/lang/Object;ZZ)Ljava/lang/Object; @ 203
Event: 7.679 Thread 0x000000001a958000 Uncommon trap: reason=class_check action=maybe_recompile pc=0x0000000002af3f18 method=java.util.HashMap.putVal(ILjava/lang/Object;Ljava/lang/Object;ZZ)Ljava/lang/Object; @ 203
Event: 40.435 Thread 0x000000001ae98000 Uncommon trap: reason=unstable_if action=reinterpret pc=0x0000000002bc0804 method=java.io.BufferedOutputStream.write(I)V @ 9
Event: 40.535 Thread 0x000000001ae98000 Uncommon trap: reason=unstable_if action=reinterpret pc=0x0000000002bbc968 method=java.io.BufferedOutputStream.write(I)V @ 9
Event: 97.787 Thread 0x000000001ae98000 Uncommon trap: reason=unstable_if action=reinterpret pc=0x0000000002c48674 method=java.io.PrintStream.write(I)V @ 19
Event: 97.787 Thread 0x000000001ae98000 Uncommon trap: reason=unstable_if action=reinterpret pc=0x0000000002c0c364 method=java.io.PrintStream.write(I)V @ 19

Classes redefined (0 events):
No events

Internal exceptions (10 events):
Event: 1.381 Thread 0x000000000255e000 Exception <a 'java/lang/ArrayIndexOutOfBoundsException'> (0x00000000d776c318) thrown at [C:\re\workspace\8-2-build-windows-amd64-cygwin\jdk8u211\12973\hotspot\src\share\vm\runtime\sharedRuntime.cpp, line 605]
Event: 1.381 Thread 0x000000000255e000 Exception <a 'java/lang/ArrayIndexOutOfBoundsException'> (0x00000000d776dfa0) thrown at [C:\re\workspace\8-2-build-windows-amd64-cygwin\jdk8u211\12973\hotspot\src\share\vm\runtime\sharedRuntime.cpp, line 605]
Event: 1.384 Thread 0x000000000255e000 Exception <a 'java/lang/ArrayIndexOutOfBoundsException'> (0x00000000d7782d98) thrown at [C:\re\workspace\8-2-build-windows-amd64-cygwin\jdk8u211\12973\hotspot\src\share\vm\runtime\sharedRuntime.cpp, line 605]
Event: 1.384 Thread 0x000000000255e000 Exception <a 'java/lang/ArrayIndexOutOfBoundsException'> (0x00000000d7786fe0) thrown at [C:\re\workspace\8-2-build-windows-amd64-cygwin\jdk8u211\12973\hotspot\src\share\vm\runtime\sharedRuntime.cpp, line 605]
Event: 1.395 Thread 0x000000000255e000 Exception <a 'java/lang/ArrayIndexOutOfBoundsException'> (0x00000000d77f2f50) thrown at [C:\re\workspace\8-2-build-windows-amd64-cygwin\jdk8u211\12973\hotspot\src\share\vm\runtime\sharedRuntime.cpp, line 605]
Event: 1.395 Thread 0x000000000255e000 Exception <a 'java/lang/ArrayIndexOutOfBoundsException'> (0x00000000d77f4028) thrown at [C:\re\workspace\8-2-build-windows-amd64-cygwin\jdk8u211\12973\hotspot\src\share\vm\runtime\sharedRuntime.cpp, line 605]
Event: 1.395 Thread 0x000000000255e000 Exception <a 'java/lang/ArrayIndexOutOfBoundsException'> (0x00000000d77f7420) thrown at [C:\re\workspace\8-2-build-windows-amd64-cygwin\jdk8u211\12973\hotspot\src\share\vm\runtime\sharedRuntime.cpp, line 605]
Event: 1.396 Thread 0x000000000255e000 Exception <a 'java/lang/ArrayIndexOutOfBoundsException'> (0x00000000d77fa528) thrown at [C:\re\workspace\8-2-build-windows-amd64-cygwin\jdk8u211\12973\hotspot\src\share\vm\runtime\sharedRuntime.cpp, line 605]
Event: 1.396 Thread 0x000000000255e000 Exception <a 'java/lang/ArrayIndexOutOfBoundsException'> (0x00000000d77fc150) thrown at [C:\re\workspace\8-2-build-windows-amd64-cygwin\jdk8u211\12973\hotspot\src\share\vm\runtime\sharedRuntime.cpp, line 605]
Event: 1.410 Thread 0x000000000255e000 Exception <a 'java/lang/NoClassDefFoundError': org/slf4j/impl/StaticMarkerBinder> (0x00000000d78b58e8) thrown at [C:\re\workspace\8-2-build-windows-amd64-cygwin\jdk8u211\12973\hotspot\src\share\vm\classfile\systemDictionary.cpp, line 199]

Events (10 events):
Event: 135.737 Thread 0x000000001781b800 flushing nmethod 0x0000000002973190
Event: 135.737 Thread 0x000000001781b800 flushing nmethod 0x0000000002976150
Event: 135.737 Thread 0x000000001781b800 flushing nmethod 0x0000000002976d10
Event: 135.737 Thread 0x000000001781b800 flushing nmethod 0x0000000002977a50
Event: 135.737 Thread 0x000000001781b800 flushing nmethod 0x0000000002979b50
Event: 135.737 Thread 0x000000001781b800 flushing nmethod 0x000000000297c7d0
Event: 135.737 Thread 0x000000001781b800 flushing nmethod 0x0000000002980350
Event: 135.737 Thread 0x000000001781b800 flushing nmethod 0x0000000002987d10
Event: 138.235 Thread 0x000000001781e800 flushing nmethod 0x00000000029a30d0
Event: 139.334 Thread 0x000000001962d800 flushing nmethod 0x00000000029dec10


Dynamic libraries:
0x00007ff640ff0000 - 0x00007ff641027000 	H:\Program Files\Java\jdk1.8.0_211\bin\java.exe
0x00007ffcdc850000 - 0x00007ffcdca3d000 	C:\Windows\SYSTEM32\ntdll.dll
0x00007ffcdad80000 - 0x00007ffcdae33000 	C:\Windows\System32\KERNEL32.DLL
0x00007ffcd8c70000 - 0x00007ffcd8f03000 	C:\Windows\System32\KERNELBASE.dll
0x00007ffcda790000 - 0x00007ffcda833000 	C:\Windows\System32\ADVAPI32.dll
0x00007ffcdace0000 - 0x00007ffcdad7e000 	C:\Windows\System32\msvcrt.dll
0x00007ffcd9b40000 - 0x00007ffcd9bde000 	C:\Windows\System32\sechost.dll
0x00007ffcda650000 - 0x00007ffcda772000 	C:\Windows\System32\RPCRT4.dll
0x00007ffcdc360000 - 0x00007ffcdc4f7000 	C:\Windows\System32\USER32.dll
0x00007ffcd9950000 - 0x00007ffcd9970000 	C:\Windows\System32\win32u.dll
0x00007ffcdc500000 - 0x00007ffcdc529000 	C:\Windows\System32\GDI32.dll
0x00007ffcd97b0000 - 0x00007ffcd9949000 	C:\Windows\System32\gdi32full.dll
0x00007ffcd8940000 - 0x00007ffcd89e0000 	C:\Windows\System32\msvcp_win.dll
0x00007ffcd9970000 - 0x00007ffcd9a6a000 	C:\Windows\System32\ucrtbase.dll
0x00007ffcc9620000 - 0x00007ffcc9899000 	C:\Windows\WinSxS\amd64_microsoft.windows.common-controls_6595b64144ccf1df_6.0.17763.802_none_05b1445c0722d2cc\COMCTL32.dll
0x00007ffcda9b0000 - 0x00007ffcdacdc000 	C:\Windows\System32\combase.dll
0x00007ffcd9660000 - 0x00007ffcd96de000 	C:\Windows\System32\bcryptPrimitives.dll
0x00007ffcda620000 - 0x00007ffcda64e000 	C:\Windows\System32\IMM32.DLL
0x000000006cb80000 - 0x000000006cc52000 	H:\Program Files\Java\jdk1.8.0_211\jre\bin\msvcr100.dll
0x000000006c2d0000 - 0x000000006cb75000 	H:\Program Files\Java\jdk1.8.0_211\jre\bin\server\jvm.dll
0x00007ffcda9a0000 - 0x00007ffcda9a8000 	C:\Windows\System32\PSAPI.DLL
0x00007ffcd6a40000 - 0x00007ffcd6a64000 	C:\Windows\SYSTEM32\WINMM.dll
0x00007ffcd2480000 - 0x00007ffcd2489000 	C:\Windows\SYSTEM32\WSOCK32.dll
0x00007ffccdad0000 - 0x00007ffccdada000 	C:\Windows\SYSTEM32\VERSION.dll
0x00007ffcdc530000 - 0x00007ffcdc59d000 	C:\Windows\System32\WS2_32.dll
0x00007ffcd6a10000 - 0x00007ffcd6a3d000 	C:\Windows\SYSTEM32\WINMMBASE.dll
0x00007ffcd89e0000 - 0x00007ffcd8a2a000 	C:\Windows\System32\cfgmgr32.dll
0x00007ffcd42e0000 - 0x00007ffcd42ef000 	H:\Program Files\Java\jdk1.8.0_211\jre\bin\verify.dll
0x00007ffcc0990000 - 0x00007ffcc09b9000 	H:\Program Files\Java\jdk1.8.0_211\jre\bin\java.dll
0x00007ffcc98e0000 - 0x00007ffcc98f6000 	H:\Program Files\Java\jdk1.8.0_211\jre\bin\zip.dll
0x00007ffcdae60000 - 0x00007ffcdc354000 	C:\Windows\System32\SHELL32.dll
0x00007ffcdc6b0000 - 0x00007ffcdc758000 	C:\Windows\System32\shcore.dll
0x00007ffcd8f10000 - 0x00007ffcd965d000 	C:\Windows\System32\windows.storage.dll
0x00007ffcd8840000 - 0x00007ffcd8864000 	C:\Windows\System32\profapi.dll
0x00007ffcd8890000 - 0x00007ffcd88ed000 	C:\Windows\System32\powrprof.dll
0x00007ffcdc7c0000 - 0x00007ffcdc812000 	C:\Windows\System32\shlwapi.dll
0x00007ffcd88f0000 - 0x00007ffcd8901000 	C:\Windows\System32\kernel.appcore.dll
0x00007ffcd96e0000 - 0x00007ffcd96f7000 	C:\Windows\System32\cryptsp.dll
0x00007ffcc0970000 - 0x00007ffcc098a000 	H:\Program Files\Java\jdk1.8.0_211\jre\bin\net.dll
0x00007ffccc220000 - 0x00007ffccc3f7000 	C:\Windows\SYSTEM32\urlmon.dll
0x00007ffccb980000 - 0x00007ffccbc28000 	C:\Windows\SYSTEM32\iertutil.dll
0x00007ffcd8220000 - 0x00007ffcd822c000 	C:\Windows\SYSTEM32\CRYPTBASE.DLL
0x00007ffcd8050000 - 0x00007ffcd80b7000 	C:\Windows\system32\mswsock.dll
0x00007ffcbfcb0000 - 0x00007ffcbfcc2000 	H:\Program Files\Java\jdk1.8.0_211\jre\bin\nio.dll
0x00007ffcbfc50000 - 0x00007ffcbfc6e000 	C:\Users\Hammad\.gradle\native\25\windows-amd64\native-platform.dll
0x00007ffcc2cd0000 - 0x00007ffcc2cda000 	C:\Users\Hammad\.gradle\native\jansi\1.14\windows64\jansi.dll
0x00007ffcc27a0000 - 0x00007ffcc27ad000 	H:\Program Files\Java\jdk1.8.0_211\jre\bin\management.dll
0x00007ffcd7bd0000 - 0x00007ffcd7c03000 	C:\Windows\system32\rsaenh.dll
0x00007ffcd8910000 - 0x00007ffcd8936000 	C:\Windows\System32\bcrypt.dll
0x00007ffcd8770000 - 0x00007ffcd8798000 	C:\Windows\SYSTEM32\USERENV.dll
0x00007ffcd7d70000 - 0x00007ffcd7dad000 	C:\Windows\SYSTEM32\IPHLPAPI.DLL
0x00007ffcda780000 - 0x00007ffcda788000 	C:\Windows\System32\NSI.dll
0x00007ffcd2090000 - 0x00007ffcd20a6000 	C:\Windows\SYSTEM32\dhcpcsvc6.DLL
0x00007ffcd2070000 - 0x00007ffcd208c000 	C:\Windows\SYSTEM32\dhcpcsvc.DLL
0x00007ffcd7db0000 - 0x00007ffcd7e76000 	C:\Windows\SYSTEM32\DNSAPI.dll

VM Arguments:
jvm_args: -Dorg.gradle.appname=gradlew 
java_command: org.gradle.wrapper.GradleWrapperMain runBankServer
java_class_path (initial): H:\corda\Ijma\cordapp-example\\gradle\wrapper\gradle-wrapper.jar
Launcher Type: SUN_STANDARD

Environment Variables:
JAVA_HOME=H:\Program Files\Java\jdk1.8.0_211
CLASSPATH=H:\corda\Ijma\cordapp-example\\gradle\wrapper\gradle-wrapper.jar
PATH=C:\Program Files (x86)\Common Files\Oracle\Java\javapath;C:\Windows\system32;C:\Windows;C:\Windows\System32\Wbem;C:\Windows\System32\WindowsPowerShell\v1.0\;C:\Windows\System32\OpenSSH\;E:\software\yarm\bin\;H:\Git\cmd;H:\Program Files\Java\jdk1.8.0_211/bin;;E:\software\Microsoft VS Code\bin
USERNAME=Hammad
OS=Windows_NT
PROCESSOR_IDENTIFIER=Intel64 Family 6 Model 58 Stepping 9, GenuineIntel



---------------  S Y S T E M  ---------------

OS: Windows 10.0 , 64 bit Build 17763 (10.0.17763.475)

CPU:total 8 (initial active 8) (4 cores per cpu, 2 threads per core) family 6 model 58 stepping 9, cmov, cx8, fxsr, mmx, sse, sse2, sse3, ssse3, sse4.1, sse4.2, popcnt, avx, aes, clmul, erms, ht, tsc, tscinvbit, tscinv

Memory: 4k page, physical 8291208k(341164k free), swap 14478596k(0k free)

vm_info: Java HotSpot(TM) 64-Bit Server VM (25.211-b12) for windows-amd64 JRE (1.8.0_211-b12), built on Apr  1 2019 20:53:26 by "java_re" with MS VC++ 10.0 (VS2010)

time: Fri Oct 25 20:37:39 2019
timezone: Pakistan Standard Time
elapsed time: 162 seconds (0d 0h 2m 42s)

