#
# There is insufficient memory for the Java Runtime Environment to continue.
# Native memory allocation (malloc) failed to allocate 1856864 bytes for Chunk::new
# Possible reasons:
#   The system is out of physical RAM or swap space
#   The process is running with CompressedOops enabled, and the Java Heap may be blocking the growth of the native heap
# Possible solutions:
#   Reduce memory load on the system
#   Increase physical memory or swap space
#   Check if swap backing store is full
#   Decrease Java heap size (-Xmx/-Xms)
#   Decrease number of Java threads
#   Decrease Java thread stack sizes (-Xss)
#   Set larger code cache with -XX:ReservedCodeCacheSize=
#   JVM is running with Unscaled Compressed Oops mode in which the Java heap is
#     placed in the first 4GB address space. The Java Heap base address is the
#     maximum limit for the native heap growth. Please use -XX:HeapBaseMinAddress
#     to set the Java Heap base and to place the Java Heap above 4GB virtual address.
# This output file may be truncated or incomplete.
#
#  Out of Memory Error (allocation.cpp:389), pid=7420, tid=0x0000000000001758
#
# JRE version: Java(TM) SE Runtime Environment (8.0_211-b12) (build 1.8.0_211-b12)
# Java VM: Java HotSpot(TM) 64-Bit Server VM (25.211-b12 mixed mode windows-amd64 compressed oops)
# Failed to write core dump. Minidumps are not enabled by default on client versions of Windows
#

---------------  T H R E A D  ---------------

Current thread (0x0000000019535800):  JavaThread "C2 CompilerThread0" daemon [_thread_in_native, id=5976, stack(0x0000000019cd0000,0x0000000019dd0000)]

Stack: [0x0000000019cd0000,0x0000000019dd0000]
[error occurred during error reporting (printing stack bounds), id 0xc0000005]

Native frames: (J=compiled Java code, j=interpreted, Vv=VM code, C=native code)


Current CompileTask:
C2:  24699 3673   !   4       java.net.URLClassLoader$1::run (63 bytes)


---------------  P R O C E S S  ---------------

Java Threads: ( => current thread )
  0x000000001957b800 JavaThread "Service Thread" daemon [_thread_blocked, id=13824, stack(0x000000001a0d0000,0x000000001a1d0000)]
  0x0000000019547800 JavaThread "C1 CompilerThread3" daemon [_thread_blocked, id=13444, stack(0x0000000019fd0000,0x000000001a0d0000)]
  0x000000001953e000 JavaThread "C2 CompilerThread2" daemon [_thread_in_native, id=13980, stack(0x0000000019ed0000,0x0000000019fd0000)]
  0x0000000019536800 JavaThread "C2 CompilerThread1" daemon [_thread_in_native, id=15344, stack(0x0000000019dd0000,0x0000000019ed0000)]
=>0x0000000019535800 JavaThread "C2 CompilerThread0" daemon [_thread_in_native, id=5976, stack(0x0000000019cd0000,0x0000000019dd0000)]
  0x0000000019405000 JavaThread "Attach Listener" daemon [_thread_blocked, id=6848, stack(0x0000000019bd0000,0x0000000019cd0000)]
  0x0000000019404000 JavaThread "Signal Dispatcher" daemon [_thread_blocked, id=14436, stack(0x0000000019ad0000,0x0000000019bd0000)]
  0x00000000175f8000 JavaThread "Finalizer" daemon [_thread_blocked, id=5124, stack(0x00000000198d0000,0x00000000199d0000)]
  0x00000000193f0800 JavaThread "Reference Handler" daemon [_thread_blocked, id=12576, stack(0x00000000197d0000,0x00000000198d0000)]
  0x000000000244d800 JavaThread "main" [_thread_in_Java, id=7332, stack(0x0000000002340000,0x0000000002440000)]

Other Threads:
  0x00000000175ea000 VMThread [stack: 0x00000000192d0000,0x00000000193d0000] [id=4380]
  0x000000001a472800 WatcherThread [stack: 0x000000001a9d0000,0x000000001aad0000] [id=9520]

VM state:not at safepoint (normal execution)

VM Mutex/Monitor currently owned by a thread: None

heap address: 0x0000000081600000, size: 2026 MB, Compressed Oops mode: 32-bit
Narrow klass base: 0x0000000000000000, Narrow klass shift: 3
Compressed class space size: 1073741824 Address: 0x0000000100000000

Heap:
 PSYoungGen      total 347136K, used 71572K [0x00000000d5d00000, 0x00000000ebd80000, 0x0000000100000000)
  eden space 334336K, 18% used [0x00000000d5d00000,0x00000000d98406f0,0x00000000ea380000)
  from space 12800K, 85% used [0x00000000eb100000,0x00000000ebba4b70,0x00000000ebd80000)
  to   space 13312K, 0% used [0x00000000ea380000,0x00000000ea380000,0x00000000eb080000)
 ParOldGen       total 70144K, used 26367K [0x0000000081600000, 0x0000000085a80000, 0x00000000d5d00000)
  object space 70144K, 37% used [0x0000000081600000,0x0000000082fbfd08,0x0000000085a80000)
 Metaspace       used 31893K, capacity 32346K, committed 32512K, reserved 1077248K
  class space    used 3890K, capacity 4045K, committed 4096K, reserved 1048576K

Card table byte_map: [0x0000000011a00000,0x0000000011e00000] byte_map_base: 0x00000000115f5000

Marking Bits: (ParMarkBitMap*) 0x00000000556b5ce0
 Begin Bits: [0x00000000128b0000, 0x0000000014858000)
 End Bits:   [0x0000000014858000, 0x0000000016800000)

Polling page: 0x0000000000590000

CodeCache: size=245760Kb used=13410Kb max_used=13410Kb free=232349Kb
 bounds [0x0000000002640000, 0x0000000003370000, 0x0000000011640000]
 total_blobs=3631 nmethods=3213 adapters=329
 compilation: enabled

Compilation events (10 events):
Event: 24.537 Thread 0x0000000019547800 3901       2       org.springframework.core.ResolvableType::access$200 (4 bytes)
Event: 24.537 Thread 0x0000000019547800 nmethod 3901 0x000000000335f350 code [0x000000000335f4a0, 0x000000000335f5d0]
Event: 24.538 Thread 0x0000000019547800 3902       2       org.springframework.core.AttributeAccessorSupport::copyAttributesFrom (56 bytes)
Event: 24.539 Thread 0x0000000019547800 nmethod 3902 0x000000000335f650 code [0x000000000335f820, 0x000000000335fc98]
Event: 24.539 Thread 0x0000000019547800 3903       2       org.springframework.core.AttributeAccessorSupport::attributeNames (30 bytes)
Event: 24.540 Thread 0x0000000019547800 nmethod 3903 0x0000000003360010 code [0x00000000033601a0, 0x0000000003360428]
Event: 24.540 Thread 0x0000000019547800 3904       2       sun.reflect.generics.repository.MethodRepository::getReturnType (41 bytes)
Event: 24.541 Thread 0x0000000019547800 nmethod 3904 0x0000000003360510 code [0x0000000003360680, 0x0000000003360908]
Event: 24.542 Thread 0x0000000019547800 3905       2       com.sun.beans.TypeResolver::resolveInClass (9 bytes)
Event: 24.544 Thread 0x0000000019547800 nmethod 3905 0x0000000003360a90 code [0x0000000003360c20, 0x0000000003360f28]

GC Heap History (10 events):
Event: 15.898 GC heap before
{Heap before GC invocations=13 (full 0):
 PSYoungGen      total 347136K, used 104990K [0x00000000d5d00000, 0x00000000ebd80000, 0x0000000100000000)
  eden space 334336K, 29% used [0x00000000d5d00000,0x00000000dbcc23d8,0x00000000ea380000)
  from space 12800K, 54% used [0x00000000eb100000,0x00000000eb7c57b8,0x00000000ebd80000)
  to   space 13312K, 0% used [0x00000000ea380000,0x00000000ea380000,0x00000000eb080000)
 ParOldGen       total 87552K, used 18391K [0x0000000081600000, 0x0000000086b80000, 0x00000000d5d00000)
  object space 87552K, 21% used [0x0000000081600000,0x00000000827f5f68,0x0000000086b80000)
 Metaspace       used 20892K, capacity 21040K, committed 21296K, reserved 1069056K
  class space    used 2605K, capacity 2666K, committed 2688K, reserved 1048576K
Event: 15.913 GC heap after
Heap after GC invocations=13 (full 0):
 PSYoungGen      total 347648K, used 4032K [0x00000000d5d00000, 0x00000000ebd80000, 0x0000000100000000)
  eden space 334336K, 0% used [0x00000000d5d00000,0x00000000d5d00000,0x00000000ea380000)
  from space 13312K, 30% used [0x00000000ea380000,0x00000000ea770340,0x00000000eb080000)
  to   space 12800K, 0% used [0x00000000eb100000,0x00000000eb100000,0x00000000ebd80000)
 ParOldGen       total 87552K, used 21168K [0x0000000081600000, 0x0000000086b80000, 0x00000000d5d00000)
  object space 87552K, 24% used [0x0000000081600000,0x0000000082aac260,0x0000000086b80000)
 Metaspace       used 20892K, capacity 21040K, committed 21296K, reserved 1069056K
  class space    used 2605K, capacity 2666K, committed 2688K, reserved 1048576K
}
Event: 15.913 GC heap before
{Heap before GC invocations=14 (full 1):
 PSYoungGen      total 347648K, used 4032K [0x00000000d5d00000, 0x00000000ebd80000, 0x0000000100000000)
  eden space 334336K, 0% used [0x00000000d5d00000,0x00000000d5d00000,0x00000000ea380000)
  from space 13312K, 30% used [0x00000000ea380000,0x00000000ea770340,0x00000000eb080000)
  to   space 12800K, 0% used [0x00000000eb100000,0x00000000eb100000,0x00000000ebd80000)
 ParOldGen       total 87552K, used 21168K [0x0000000081600000, 0x0000000086b80000, 0x00000000d5d00000)
  object space 87552K, 24% used [0x0000000081600000,0x0000000082aac260,0x0000000086b80000)
 Metaspace       used 20892K, capacity 21040K, committed 21296K, reserved 1069056K
  class space    used 2605K, capacity 2666K, committed 2688K, reserved 1048576K
Event: 16.052 GC heap after
Heap after GC invocations=14 (full 1):
 PSYoungGen      total 347648K, used 0K [0x00000000d5d00000, 0x00000000ebd80000, 0x0000000100000000)
  eden space 334336K, 0% used [0x00000000d5d00000,0x00000000d5d00000,0x00000000ea380000)
  from space 13312K, 0% used [0x00000000ea380000,0x00000000ea380000,0x00000000eb080000)
  to   space 12800K, 0% used [0x00000000eb100000,0x00000000eb100000,0x00000000ebd80000)
 ParOldGen       total 70144K, used 20239K [0x0000000081600000, 0x0000000085a80000, 0x00000000d5d00000)
  object space 70144K, 28% used [0x0000000081600000,0x00000000829c3c80,0x0000000085a80000)
 Metaspace       used 20892K, capacity 21040K, committed 21296K, reserved 1069056K
  class space    used 2605K, capacity 2666K, committed 2688K, reserved 1048576K
}
Event: 17.720 GC heap before
{Heap before GC invocations=15 (full 1):
 PSYoungGen      total 347648K, used 334336K [0x00000000d5d00000, 0x00000000ebd80000, 0x0000000100000000)
  eden space 334336K, 100% used [0x00000000d5d00000,0x00000000ea380000,0x00000000ea380000)
  from space 13312K, 0% used [0x00000000ea380000,0x00000000ea380000,0x00000000eb080000)
  to   space 12800K, 0% used [0x00000000eb100000,0x00000000eb100000,0x00000000ebd80000)
 ParOldGen       total 70144K, used 20239K [0x0000000081600000, 0x0000000085a80000, 0x00000000d5d00000)
  object space 70144K, 28% used [0x0000000081600000,0x00000000829c3c80,0x0000000085a80000)
 Metaspace       used 24156K, capacity 24474K, committed 24704K, reserved 1071104K
  class space    used 2996K, capacity 3105K, committed 3200K, reserved 1048576K
Event: 17.733 GC heap after
Heap after GC invocations=15 (full 1):
 PSYoungGen      total 347136K, used 7490K [0x00000000d5d00000, 0x00000000ebd80000, 0x0000000100000000)
  eden space 334336K, 0% used [0x00000000d5d00000,0x00000000d5d00000,0x00000000ea380000)
  from space 12800K, 58% used [0x00000000eb100000,0x00000000eb8509d0,0x00000000ebd80000)
  to   space 13312K, 0% used [0x00000000ea380000,0x00000000ea380000,0x00000000eb080000)
 ParOldGen       total 70144K, used 20247K [0x0000000081600000, 0x0000000085a80000, 0x00000000d5d00000)
  object space 70144K, 28% used [0x0000000081600000,0x00000000829c5c80,0x0000000085a80000)
 Metaspace       used 24156K, capacity 24474K, committed 24704K, reserved 1071104K
  class space    used 2996K, capacity 3105K, committed 3200K, reserved 1048576K
}
Event: 20.124 GC heap before
{Heap before GC invocations=16 (full 1):
 PSYoungGen      total 347136K, used 341826K [0x00000000d5d00000, 0x00000000ebd80000, 0x0000000100000000)
  eden space 334336K, 100% used [0x00000000d5d00000,0x00000000ea380000,0x00000000ea380000)
  from space 12800K, 58% used [0x00000000eb100000,0x00000000eb8509d0,0x00000000ebd80000)
  to   space 13312K, 0% used [0x00000000ea380000,0x00000000ea380000,0x00000000eb080000)
 ParOldGen       total 70144K, used 20258K [0x0000000081600000, 0x0000000085a80000, 0x00000000d5d00000)
  object space 70144K, 28% used [0x0000000081600000,0x00000000829c8ad8,0x0000000085a80000)
 Metaspace       used 27391K, capacity 27812K, committed 28160K, reserved 1073152K
  class space    used 3337K, capacity 3476K, committed 3584K, reserved 1048576K
Event: 20.147 GC heap after
Heap after GC invocations=16 (full 1):
 PSYoungGen      total 347648K, used 8938K [0x00000000d5d00000, 0x00000000ebd80000, 0x0000000100000000)
  eden space 334336K, 0% used [0x00000000d5d00000,0x00000000d5d00000,0x00000000ea380000)
  from space 13312K, 67% used [0x00000000ea380000,0x00000000eac3ab88,0x00000000eb080000)
  to   space 12800K, 0% used [0x00000000eb100000,0x00000000eb100000,0x00000000ebd80000)
 ParOldGen       total 70144K, used 22387K [0x0000000081600000, 0x0000000085a80000, 0x00000000d5d00000)
  object space 70144K, 31% used [0x0000000081600000,0x0000000082bdce40,0x0000000085a80000)
 Metaspace       used 27391K, capacity 27812K, committed 28160K, reserved 1073152K
  class space    used 3337K, capacity 3476K, committed 3584K, reserved 1048576K
}
Event: 23.842 GC heap before
{Heap before GC invocations=17 (full 1):
 PSYoungGen      total 347648K, used 343274K [0x00000000d5d00000, 0x00000000ebd80000, 0x0000000100000000)
  eden space 334336K, 100% used [0x00000000d5d00000,0x00000000ea380000,0x00000000ea380000)
  from space 13312K, 67% used [0x00000000ea380000,0x00000000eac3ab88,0x00000000eb080000)
  to   space 12800K, 0% used [0x00000000eb100000,0x00000000eb100000,0x00000000ebd80000)
 ParOldGen       total 70144K, used 22395K [0x0000000081600000, 0x0000000085a80000, 0x00000000d5d00000)
  object space 70144K, 31% used [0x0000000081600000,0x0000000082bdefb8,0x0000000085a80000)
 Metaspace       used 31239K, capacity 31706K, committed 32000K, reserved 1077248K
  class space    used 3816K, capacity 3981K, committed 4096K, reserved 1048576K
Event: 23.873 GC heap after
Heap after GC invocations=17 (full 1):
 PSYoungGen      total 347136K, used 10898K [0x00000000d5d00000, 0x00000000ebd80000, 0x0000000100000000)
  eden space 334336K, 0% used [0x00000000d5d00000,0x00000000d5d00000,0x00000000ea380000)
  from space 12800K, 85% used [0x00000000eb100000,0x00000000ebba4b70,0x00000000ebd80000)
  to   space 13312K, 0% used [0x00000000ea380000,0x00000000ea380000,0x00000000eb080000)
 ParOldGen       total 70144K, used 26367K [0x0000000081600000, 0x0000000085a80000, 0x00000000d5d00000)
  object space 70144K, 37% used [0x0000000081600000,0x0000000082fbfd08,0x0000000085a80000)
 Metaspace       used 31239K, capacity 31706K, committed 32000K, reserved 1077248K
  class space    used 3816K, capacity 3981K, committed 4096K, reserved 1048576K
}

Deoptimization events (10 events):
Event: 22.213 Thread 0x000000000244d800 Uncommon trap: reason=class_check action=maybe_recompile pc=0x0000000003064380 method=co.paralleluniverse.asm.MethodWriter.visitFrame(II[Ljava/lang/Object;I[Ljava/lang/Object;)V @ 300
Event: 22.213 Thread 0x000000000244d800 Uncommon trap: reason=class_check action=maybe_recompile pc=0x0000000003064380 method=co.paralleluniverse.asm.MethodWriter.visitFrame(II[Ljava/lang/Object;I[Ljava/lang/Object;)V @ 300
Event: 22.611 Thread 0x000000000244d800 Uncommon trap: reason=class_check action=maybe_recompile pc=0x00000000030c8f04 method=co.paralleluniverse.asm.ClassReader.a(Lco/paralleluniverse/asm/MethodVisitor;Lco/paralleluniverse/asm/Context;I)V @ 1642
Event: 22.612 Thread 0x000000000244d800 Uncommon trap: reason=class_check action=maybe_recompile pc=0x00000000030c8f04 method=co.paralleluniverse.asm.ClassReader.a(Lco/paralleluniverse/asm/MethodVisitor;Lco/paralleluniverse/asm/Context;I)V @ 1642
Event: 22.612 Thread 0x000000000244d800 Uncommon trap: reason=class_check action=maybe_recompile pc=0x00000000030c8f04 method=co.paralleluniverse.asm.ClassReader.a(Lco/paralleluniverse/asm/MethodVisitor;Lco/paralleluniverse/asm/Context;I)V @ 1642
Event: 22.613 Thread 0x000000000244d800 Uncommon trap: reason=unstable_if action=reinterpret pc=0x00000000030c9210 method=co.paralleluniverse.asm.ClassReader.a(Lco/paralleluniverse/asm/MethodVisitor;Lco/paralleluniverse/asm/Context;I)V @ 1146
Event: 22.695 Thread 0x000000000244d800 Uncommon trap: reason=unstable_if action=reinterpret pc=0x0000000003211a6c method=java.util.concurrent.ConcurrentHashMap.putVal(Ljava/lang/Object;Ljava/lang/Object;Z)Ljava/lang/Object; @ 206
Event: 22.910 Thread 0x000000000244d800 Uncommon trap: reason=predicate action=maybe_recompile pc=0x000000000326dd38 method=java.util.AbstractCollection.toArray([Ljava/lang/Object;)[Ljava/lang/Object; @ 49
Event: 23.982 Thread 0x000000000244d800 Uncommon trap: reason=unstable_if action=reinterpret pc=0x0000000003307bac method=org.springframework.asm.Type.getArgumentsAndReturnSizes(Ljava/lang/String;)I @ 88
Event: 23.982 Thread 0x000000000244d800 Uncommon trap: reason=unstable_if action=reinterpret pc=0x0000000003281600 method=org.springframework.asm.Type.getArgumentTypes(Ljava/lang/String;)[Lorg/springframework/asm/Type; @ 58

Classes redefined (0 events):
No events

Internal exceptions (10 events):
Event: 24.503 Thread 0x000000000244d800 Exception <a 'java/lang/ClassNotFoundException': org/springframework/boot/autoconfigure/websocket/WebSocketAutoConfiguration$TomcatWebSocketConfigurationCustomizer> (0x00000000d8829dc0) thrown at [C:\re\workspace\8-2-build-windows-amd64-cygwin\jdk8u211\12
Event: 24.504 Thread 0x000000000244d800 Exception <a 'java/lang/ClassNotFoundException': org/springframework/boot/autoconfigure/websocket/WebSocketAutoConfiguration$TomcatWebSocketConfiguration$$EnhancerBySpringCGLIB$$8d235472Customizer> (0x00000000d886fd10) thrown at [C:\re\workspace\8-2-build
Event: 24.507 Thread 0x000000000244d800 Exception <a 'java/lang/ClassNotFoundException': org/springframework/context/annotation/ConfigurationClassEnhancer$EnhancedConfigurationCustomizer> (0x00000000d88a7230) thrown at [C:\re\workspace\8-2-build-windows-amd64-cygwin\jdk8u211\12973\hotspot\src\s
Event: 24.527 Thread 0x000000000244d800 Exception <a 'java/lang/ClassNotFoundException': java/lang/ObjectCustomizer> (0x00000000d899b798) thrown at [C:\re\workspace\8-2-build-windows-amd64-cygwin\jdk8u211\12973\hotspot\src\share\vm\classfile\systemDictionary.cpp, line 210]
Event: 24.529 Thread 0x000000000244d800 Exception <a 'java/lang/ClassNotFoundException': org/springframework/boot/autoconfigure/websocket/WebSocketContainerCustomizerCustomizer> (0x00000000d89cb398) thrown at [C:\re\workspace\8-2-build-windows-amd64-cygwin\jdk8u211\12973\hotspot\src\share\vm\cl
Event: 24.531 Thread 0x000000000244d800 Exception <a 'java/lang/ClassNotFoundException': org/springframework/boot/autoconfigure/websocket/TomcatWebSocketContainerCustomizerCustomizer> (0x00000000d89fc840) thrown at [C:\re\workspace\8-2-build-windows-amd64-cygwin\jdk8u211\12973\hotspot\src\share
Event: 24.533 Thread 0x000000000244d800 Exception <a 'java/lang/ClassNotFoundException': org/springframework/boot/context/embedded/EmbeddedServletContainerCustomizerCustomizer> (0x00000000d8a2c650) thrown at [C:\re\workspace\8-2-build-windows-amd64-cygwin\jdk8u211\12973\hotspot\src\share\vm\cla
Event: 24.534 Thread 0x000000000244d800 Exception <a 'java/lang/ClassNotFoundException': org/springframework/core/OrderedCustomizer> (0x00000000d8a470f0) thrown at [C:\re\workspace\8-2-build-windows-amd64-cygwin\jdk8u211\12973\hotspot\src\share\vm\classfile\systemDictionary.cpp, line 210]
Event: 24.540 Thread 0x000000000244d800 Exception <a 'java/lang/ClassNotFoundException': java/lang/ObjectCustomizer> (0x00000000d8a75bd8) thrown at [C:\re\workspace\8-2-build-windows-amd64-cygwin\jdk8u211\12973\hotspot\src\share\vm\classfile\systemDictionary.cpp, line 210]
Event: 24.541 Thread 0x000000000244d800 Exception <a 'java/lang/ClassNotFoundException': org/springframework/boot/autoconfigure/web/HttpEncodingPropertiesCustomizer> (0x00000000d8aa1d80) thrown at [C:\re\workspace\8-2-build-windows-amd64-cygwin\jdk8u211\12973\hotspot\src\share\vm\classfile\syst

Events (10 events):
Event: 24.688 loading class org/hibernate/validator/internal/util/logging/Messages
Event: 24.688 loading class org/hibernate/validator/internal/util/logging/Messages done
Event: 24.689 Executing VM operation: RevokeBias
Event: 24.689 Executing VM operation: RevokeBias done
Event: 24.689 Executing VM operation: RevokeBias
Event: 24.689 Executing VM operation: RevokeBias done
Event: 24.691 loading class org/jboss/logging/Messages
Event: 24.691 loading class org/jboss/logging/Messages done
Event: 24.693 loading class org/jboss/logging/Messages$1
Event: 24.693 loading class org/jboss/logging/Messages$1 done


Dynamic libraries:
0x00007ff750500000 - 0x00007ff750537000 	H:\Program Files\Java\jdk1.8.0_211\bin\java.exe
0x00007ffba75c0000 - 0x00007ffba77ad000 	C:\Windows\SYSTEM32\ntdll.dll
0x00007ffba5210000 - 0x00007ffba52c3000 	C:\Windows\System32\KERNEL32.DLL
0x00007ffba4390000 - 0x00007ffba4623000 	C:\Windows\System32\KERNELBASE.dll
0x00007ffba4b40000 - 0x00007ffba4be3000 	C:\Windows\System32\ADVAPI32.dll
0x00007ffba5d00000 - 0x00007ffba5d9e000 	C:\Windows\System32\msvcrt.dll
0x00007ffba5c60000 - 0x00007ffba5cfe000 	C:\Windows\System32\sechost.dll
0x00007ffba7400000 - 0x00007ffba7522000 	C:\Windows\System32\RPCRT4.dll
0x00007ffba47e0000 - 0x00007ffba4977000 	C:\Windows\System32\USER32.dll
0x00007ffba42a0000 - 0x00007ffba42c0000 	C:\Windows\System32\win32u.dll
0x00007ffba4f10000 - 0x00007ffba4f39000 	C:\Windows\System32\GDI32.dll
0x00007ffba37d0000 - 0x00007ffba3969000 	C:\Windows\System32\gdi32full.dll
0x00007ffba4690000 - 0x00007ffba4730000 	C:\Windows\System32\msvcp_win.dll
0x00007ffba36d0000 - 0x00007ffba37ca000 	C:\Windows\System32\ucrtbase.dll
0x00007ffb90280000 - 0x00007ffb904f9000 	C:\Windows\WinSxS\amd64_microsoft.windows.common-controls_6595b64144ccf1df_6.0.17763.802_none_05b1445c0722d2cc\COMCTL32.dll
0x00007ffba52e0000 - 0x00007ffba560c000 	C:\Windows\System32\combase.dll
0x00007ffba4760000 - 0x00007ffba47de000 	C:\Windows\System32\bcryptPrimitives.dll
0x00007ffba5e70000 - 0x00007ffba5e9e000 	C:\Windows\System32\IMM32.DLL
0x0000000055740000 - 0x0000000055812000 	H:\Program Files\Java\jdk1.8.0_211\jre\bin\msvcr100.dll
0x0000000054e90000 - 0x0000000055735000 	H:\Program Files\Java\jdk1.8.0_211\jre\bin\server\jvm.dll
0x00007ffba52d0000 - 0x00007ffba52d8000 	C:\Windows\System32\PSAPI.DLL
0x00007ffb99800000 - 0x00007ffb99809000 	C:\Windows\SYSTEM32\WSOCK32.dll
0x00007ffba0fe0000 - 0x00007ffba1004000 	C:\Windows\SYSTEM32\WINMM.dll
0x00007ffba5da0000 - 0x00007ffba5e0d000 	C:\Windows\System32\WS2_32.dll
0x00007ffb95210000 - 0x00007ffb9521a000 	C:\Windows\SYSTEM32\VERSION.dll
0x00007ffba0fb0000 - 0x00007ffba0fdd000 	C:\Windows\SYSTEM32\WINMMBASE.dll
0x00007ffba3680000 - 0x00007ffba36ca000 	C:\Windows\System32\cfgmgr32.dll
0x00007ffb986e0000 - 0x00007ffb986ef000 	H:\Program Files\Java\jdk1.8.0_211\jre\bin\verify.dll
0x00007ffb88530000 - 0x00007ffb88559000 	H:\Program Files\Java\jdk1.8.0_211\jre\bin\java.dll
0x00007ffb9c2e0000 - 0x00007ffb9c303000 	H:\Program Files\Java\jdk1.8.0_211\jre\bin\instrument.dll
0x00007ffb8ae20000 - 0x00007ffb8ae36000 	H:\Program Files\Java\jdk1.8.0_211\jre\bin\zip.dll
0x00007ffba5f00000 - 0x00007ffba73f4000 	C:\Windows\System32\SHELL32.dll
0x00007ffba5610000 - 0x00007ffba56b8000 	C:\Windows\System32\shcore.dll
0x00007ffba3b50000 - 0x00007ffba429d000 	C:\Windows\System32\windows.storage.dll
0x00007ffba35f0000 - 0x00007ffba3614000 	C:\Windows\System32\profapi.dll
0x00007ffba3620000 - 0x00007ffba367d000 	C:\Windows\System32\powrprof.dll
0x00007ffba5780000 - 0x00007ffba57d2000 	C:\Windows\System32\shlwapi.dll
0x00007ffba35d0000 - 0x00007ffba35e1000 	C:\Windows\System32\kernel.appcore.dll
0x00007ffba4370000 - 0x00007ffba4387000 	C:\Windows\System32\cryptsp.dll
0x00007ffb978b0000 - 0x00007ffb978bd000 	H:\Program Files\Java\jdk1.8.0_211\jre\bin\management.dll
0x00007ffb8ad30000 - 0x00007ffb8ad4a000 	H:\Program Files\Java\jdk1.8.0_211\jre\bin\net.dll
0x00007ffb99c50000 - 0x00007ffb99e27000 	C:\Windows\SYSTEM32\urlmon.dll
0x00007ffb999a0000 - 0x00007ffb99c48000 	C:\Windows\SYSTEM32\iertutil.dll
0x00007ffba2f90000 - 0x00007ffba2f9c000 	C:\Windows\SYSTEM32\CRYPTBASE.DLL
0x00007ffba2dc0000 - 0x00007ffba2e27000 	C:\Windows\system32\mswsock.dll
0x00007ffb85d90000 - 0x00007ffb85da6000 	C:\Windows\system32\napinsp.dll
0x00007ffb85d70000 - 0x00007ffb85d8a000 	C:\Windows\system32\pnrpnsp.dll
0x00007ffba2b20000 - 0x00007ffba2be6000 	C:\Windows\SYSTEM32\DNSAPI.dll
0x00007ffba4980000 - 0x00007ffba4988000 	C:\Windows\System32\NSI.dll
0x00007ffba2ae0000 - 0x00007ffba2b1d000 	C:\Windows\SYSTEM32\IPHLPAPI.DLL
0x00007ffb85d60000 - 0x00007ffb85d6e000 	C:\Windows\System32\winrnr.dll
0x00007ffb9fe30000 - 0x00007ffb9fe4b000 	C:\Windows\system32\NLAapi.dll
0x00007ffb8cc10000 - 0x00007ffb8cc25000 	C:\Windows\system32\wshbth.dll
0x00007ffb9ada0000 - 0x00007ffb9adaa000 	C:\Windows\System32\rasadhlp.dll
0x00007ffb9aed0000 - 0x00007ffb9af49000 	C:\Windows\System32\fwpuclnt.dll
0x00007ffba4730000 - 0x00007ffba4756000 	C:\Windows\System32\bcrypt.dll
0x00007ffb8ad10000 - 0x00007ffb8ad22000 	H:\Program Files\Java\jdk1.8.0_211\jre\bin\nio.dll
0x00007ffb8ac80000 - 0x00007ffb8aca4000 	H:\Program Files\Java\jdk1.8.0_211\jre\bin\sunec.dll

VM Arguments:
jvm_args: -Dco.paralleluniverse.fibers.verifyInstrumentation -javaagent:C:\Users\Hammad\.gradle\caches\modules-2\files-2.1\co.paralleluniverse\quasar-core\0.7.10\3916162ad638c8a6cb8f3588a9f080dc792bc052\quasar-core-0.7.10-jdk8.jar -Dfile.encoding=windows-1252 -Duser.country=US -Duser.language=en -Duser.variant 
java_command: com.example.server.ServerKt --server.port=10052 --config.rpc.host=localhost --config.rpc.port=10015 --config.rpc.username=user1 --config.rpc.password=test
java_class_path (initial): H:\corda\Ijma\cordapp-example\clients\build\classes\java\main;H:\corda\Ijma\cordapp-example\clients\build\classes\kotlin\main;H:\corda\Ijma\cordapp-example\clients\build\resources\main;H:\corda\Ijma\cordapp-example\workflows-kotlin\build\libs\cordapp-example-workflows-0.1.jar;H:\corda\Ijma\cordapp-example\contracts-kotlin\build\libs\cordapp-example-contracts-0.1.jar;H:\corda\Ijma\cordapp-example\workflows-java\build\libs\cordapp-example-workflows-0.1.jar;H:\corda\Ijma\cordapp-example\contracts-java\build\libs\cordapp-example-contracts-0.1.jar;C:\Users\Hammad\.gradle\caches\modules-2\files-2.1\net.corda\corda-rpc\4.0\86c95c1f0bbfdb1314495957d43679a1995def7b\corda-rpc-4.0.jar;C:\Users\Hammad\.gradle\caches\modules-2\files-2.1\net.corda\corda-jackson\4.0\50d899169bccbde75bfb93e5fe79144e807104b2\corda-jackson-4.0.jar;C:\Users\Hammad\.gradle\caches\modules-2\files-2.1\net.corda\corda-node-api\4.0\d080c517eb3c8aeed8aa3dbd149a12cbfae40483\corda-node-api-4.0.jar;C:\Users\Hammad\.gradle\caches\modules-2\files-2.1\net.corda\corda-serialization\4.0\4aa76fcbea7b6ffc286f91331ee8afdcd6d71a6e\corda-serialization-4.0.jar;C:\Users\Hammad\.gradle\caches\modules-2\files-2.1\net.corda\corda-core\4.0\d79027e1d3746e50cef257ab1124a94d1817d614\corda-core-4.0.jar;C:\Users\Hammad\.gradle\caches\modules-2\files-2.1\org.jetbrains.kotlin\kotlin-stdlib-jdk8\1.2.71\5470d1f752cd342edb77e1062bac07e838d2cea4\kotlin-stdlib-jdk8-1.2.71.jar;C:\Users\Hammad\.gradle\caches\modules-2\files-2.1\net.corda\corda\4.0\92a83fc62cffa786a1d49ac0a0748e72425e0409\corda-4.0.jar;C:\Users\Hammad\.gradle\caches\modules-2\files-2.1\org.springframework.boot\spring-boot-starter-websocket\1.5.7.RELEASE\dcc13d0985539b0da55c052094f838b8c9034ab6\spring-boot-starter-websocket-1.5.7.RELEASE.jar;C:\Users\Hammad\.gradle\caches\modules-2\files-2.1\org.springframework.boot\spring-boot-starter-log4j2\1.5.7.RELEASE\98fd0f04b8acbaf77e7a81cf1cf1a45fa730d4f8\spring-boot-starter-log4j2-1.5.7.RELEASE.jar;C:\Us
Launcher Type: SUN_STANDARD

Environment Variables:
JAVA_HOME=H:\Program Files\Java\jdk1.8.0_211
CLASSPATH=H:\corda\Ijma\cordapp-example\\gradle\wrapper\gradle-wrapper.jar
PATH=C:\Program Files (x86)\Common Files\Oracle\Java\javapath;C:\Windows\system32;C:\Windows;C:\Windows\System32\Wbem;C:\Windows\System32\WindowsPowerShell\v1.0\;C:\Windows\System32\OpenSSH\;E:\software\yarm\bin\;H:\Git\cmd;H:\Program Files\Java\jdk1.8.0_211/bin;E:\software\Microsoft VS Code\bin
USERNAME=Hammad
OS=Windows_NT
PROCESSOR_IDENTIFIER=Intel64 Family 6 Model 58 Stepping 9, GenuineIntel



---------------  S Y S T E M  ---------------

OS: Windows 10.0 , 64 bit Build 17763 (10.0.17763.475)

CPU:total 8 (initial active 8) (4 cores per cpu, 2 threads per core) family 6 model 58 stepping 9, cmov, cx8, fxsr, mmx, sse, sse2, sse3, ssse3, sse4.1, sse4.2, popcnt, avx, aes, clmul, erms, ht, tsc, tscinvbit, tscinv

Memory: 4k page, physical 8291208k(453268k free), swap 15543684k(6760k free)

vm_info: Java HotSpot(TM) 64-Bit Server VM (25.211-b12) for windows-amd64 JRE (1.8.0_211-b12), built on Apr  1 2019 20:53:26 by "java_re" with MS VC++ 10.0 (VS2010)

time: Wed Oct 16 15:28:07 2019
timezone: Pakistan Standard Time
elapsed time: 24 seconds (0d 0h 0m 24s)

